Rice crawler debug

== Columns from https://ag.shuhao.idv.tw/content/ag/RiceData.aspx ==
 - 交易日期   meta=(None, None)
 - 市場   meta=(None, None)
 - 零售:50.95   meta=('零售', '50.95')
 - 零售:55   meta=('零售', '55')
 - 零售:0   meta=('零售', '0')
 - 零售:64.29   meta=('零售', '64.29')
 - 零售:64.17   meta=('零售', '64.17')
 - 躉售:4450   meta=('躉售', '4450')
 - 躉售:4917   meta=('躉售', '4917')
 - 躉售:0   meta=('躉售', '0')
 - 躉售:5383   meta=('躉售', '5383')
 - 躉售:5375   meta=('躉售', '5375')

[Mapping example - first non-empty row]
[零售] 零售:50.95 (50.95) -> (略過)
[零售] 零售:55 (55) -> (略過)
[零售] 零售:0 (0) -> (略過)
[零售] 零售:64.29 (64.29) -> (略過)
[零售] 零售:64.17 (64.17) -> (略過)
[躉售] 躉售:4450 (4450) -> (略過)
[躉售] 躉售:4917 (4917) -> (略過)
[躉售] 躉售:0 (0) -> (略過)
[躉售] 躉售:5383 (5383) -> (略過)
[躉售] 躉售:5375 (5375) -> (略過)

== Columns from https://ag.shuhao.idv.tw/content/ag/RiceData.aspx?page=2 ==
 - 交易日期   meta=(None, None)
 - 市場   meta=(None, None)
 - 零售:50.95   meta=('零售', '50.95')
 - 零售:55   meta=('零售', '55')
 - 零售:0   meta=('零售', '0')
 - 零售:64.29   meta=('零售', '64.29')
 - 零售:64.17   meta=('零售', '64.17')
 - 躉售:4450   meta=('躉售', '4450')
 - 躉售:4917   meta=('躉售', '4917')
 - 躉售:0   meta=('躉售', '0')
 - 躉售:5383   meta=('躉售', '5383')
 - 躉售:5375   meta=('躉售', '5375')

[Mapping example - first non-empty row]
[零售] 零售:50.95 (50.95) -> (略過)
[零售] 零售:55 (55) -> (略過)
[零售] 零售:0 (0) -> (略過)
[零售] 零售:64.29 (64.29) -> (略過)
[零售] 零售:64.17 (64.17) -> (略過)
[躉售] 躉售:4450 (4450) -> (略過)
[躉售] 躉售:4917 (4917) -> (略過)
[躉售] 躉售:0 (0) -> (略過)
[躉售] 躉售:5383 (5383) -> (略過)
[躉售] 躉售:5375 (5375) -> (略過)

== Columns from https://ag.shuhao.idv.tw/content/ag/RiceData.aspx?p=2 ==
 - 交易日期   meta=(None, None)
 - 市場   meta=(None, None)
 - 零售:50.95   meta=('零售', '50.95')
 - 零售:55   meta=('零售', '55')
 - 零售:0   meta=('零售', '0')
 - 零售:64.29   meta=('零售', '64.29')
 - 零售:64.17   meta=('零售', '64.17')
 - 躉售:4450   meta=('躉售', '4450')
 - 躉售:4917   meta=('躉售', '4917')
 - 躉售:0   meta=('躉售', '0')
 - 躉售:5383   meta=('躉售', '5383')
 - 躉售:5375   meta=('躉售', '5375')

[Mapping example - first non-empty row]
[零售] 零售:50.95 (50.95) -> (略過)
[零售] 零售:55 (55) -> (略過)
[零售] 零售:0 (0) -> (略過)
[零售] 零售:64.29 (64.29) -> (略過)
[零售] 零售:64.17 (64.17) -> (略過)
[躉售] 躉售:4450 (4450) -> (略過)
[躉售] 躉售:4917 (4917) -> (略過)
[躉售] 躉售:0 (0) -> (略過)
[躉售] 躉售:5383 (5383) -> (略過)
[躉售] 躉售:5375 (5375) -> (略過)

